This file contains any messages produced by compilers while
running configure, to aid debugging if configure makes a mistake.

It was created by configure, which was
generated by GNU Autoconf 2.52f.  Invocation command line was

  $ ./configure 

## --------- ##
## Platform. ##
## --------- ##

hostname = REASON
uname -m = i686
uname -r = 1.3.5(0.47/3/2)
uname -s = CYGWIN_NT-5.1
uname -v = 2001-11-13 23:16

/usr/bin/uname -p = unknown
/bin/uname -X     = unknown

/bin/arch              = unknown
/usr/bin/arch -k       = unknown
/usr/convex/getsysinfo = unknown
hostinfo               = unknown
/bin/machine           = unknown
/usr/bin/oslevel       = unknown
/bin/universe          = unknown

PATH: /usr/local/arm-elf/bin
PATH: /usr/local/bin
PATH: /usr/bin
PATH: /bin
PATH: /cygdrive/c/WINDOWS/system32
PATH: /cygdrive/c/WINDOWS
PATH: /cygdrive/c/WINDOWS/System32/Wbem
PATH: /cygdrive/c/Program Files/Network Associates/PGPNT
PATH: /cygdrive/c/PB300/cepb/bin
PATH: /cygdrive/c/ms/vs6/common/Tools/WinNT
PATH: /cygdrive/c/ms/vs6/common/MSDev98/Bin
PATH: /cygdrive/c/ms/vs6/common/Tools
PATH: /cygdrive/c/ms/vs6/VC98/bin
PATH: /cygdrive/c/ecos/tools/bin
PATH: .
PATH: /cygdrive/c/ecos/ecos-99r1-991015/H-i686-cygwin32/bin

## ----------- ##
## Core tests. ##
## ----------- ##

configure:1170: checking for a BSD compatible install
configure:1223: result: /usr/bin/install -c
configure:1234: checking whether build environment is sane
configure:1277: result: yes
configure:1310: checking for gawk
configure:1326: found /usr/bin/gawk
configure:1336: result: gawk
configure:1346: checking whether make sets ${MAKE}
configure:1366: result: yes
configure:1503: checking for gcc
configure:1519: found /usr/bin/gcc
configure:1529: result: gcc
configure:1772: checking for C compiler version
configure:1775: gcc --version </dev/null >&5
2.95.3-5
configure:1778: $? = 0
configure:1780: gcc -v </dev/null >&5
Reading specs from /usr/lib/gcc-lib/i686-pc-cygwin/2.95.3-5/specs
gcc version 2.95.3-5 (cygwin special)
configure:1783: $? = 0
configure:1785: gcc -V </dev/null >&5
gcc: argument to `-V' is missing
configure:1788: $? = 1
configure:1814: checking for C compiler default output
configure:1817: gcc    conftest.c  >&5
configure:1820: $? = 0
configure:1849: result: a.exe
configure:1854: checking whether the C compiler works
configure:1860: ./a.exe
configure:1863: $? = 0
configure:1878: result: yes
configure:1885: checking whether we are cross compiling
configure:1887: result: no
configure:1890: checking for executable suffix
configure:1892: gcc -o conftest.exe    conftest.c  >&5
configure:1895: $? = 0
configure:1917: result: .exe
configure:1923: checking for object suffix
configure:1947: gcc -c   conftest.c >&5
configure:1950: $? = 0
configure:1969: result: o
configure:1973: checking whether we are using the GNU C compiler
configure:2000: gcc -c   conftest.c >&5
configure:2003: $? = 0
configure:2006: test -s conftest.o
configure:2009: $? = 0
configure:2021: result: yes
configure:2027: checking whether gcc accepts -g
configure:2051: gcc -c -g  conftest.c >&5
configure:2054: $? = 0
configure:2057: test -s conftest.o
configure:2060: $? = 0
configure:2070: result: yes
configure:2097: gcc -c -g -O2  conftest.c >&5
conftest.c:2: parse error before `me'
configure:2100: $? = 1
configure: failed program was:
#ifndef __cplusplus
  choke me
#endif
configure:2218: checking for style of include used by make
configure:2245: result: GNU
configure:2251: checking dependency style of gcc
configure:2313: result: gcc
configure:2317: checking whether ln -s works
configure:2321: result: yes
configure:2328: checking for a POSIX-compliant shell
configure:2381: result: /usr/bin/bash
configure:2395: checking how to run the C preprocessor
configure:2421: gcc -E  conftest.c
configure:2427: $? = 0
configure:2454: gcc -E  conftest.c
configure:2450: ac_nonexistent.h: No such file or directory
configure:2460: $? = 1
configure: failed program was:
#line 2449 "configure"
#include "confdefs.h"
#include <ac_nonexistent.h>
configure:2497: result: gcc -E
configure:2512: gcc -E  conftest.c
configure:2518: $? = 0
configure:2545: gcc -E  conftest.c
configure:2541: ac_nonexistent.h: No such file or directory
configure:2551: $? = 1
configure: failed program was:
#line 2540 "configure"
#include "confdefs.h"
#include <ac_nonexistent.h>
configure:2590: checking for AIX
configure:2609: result: no
configure:2614: checking for ANSI C header files
configure:2628: gcc -E  conftest.c
configure:2634: $? = 0
configure:2719: gcc -o conftest.exe -g -O2   conftest.c  >&5
configure:2722: $? = 0
configure:2724: ./conftest.exe
configure:2727: $? = 0
configure:2741: result: yes
configure:2757: checking for sys/types.h
configure:2770: gcc -c -g -O2  conftest.c >&5
configure:2773: $? = 0
configure:2776: test -s conftest.o
configure:2779: $? = 0
configure:2789: result: yes
configure:2757: checking for sys/stat.h
configure:2770: gcc -c -g -O2  conftest.c >&5
configure:2773: $? = 0
configure:2776: test -s conftest.o
configure:2779: $? = 0
configure:2789: result: yes
configure:2757: checking for stdlib.h
configure:2770: gcc -c -g -O2  conftest.c >&5
configure:2773: $? = 0
configure:2776: test -s conftest.o
configure:2779: $? = 0
configure:2789: result: yes
configure:2757: checking for string.h
configure:2770: gcc -c -g -O2  conftest.c >&5
configure:2773: $? = 0
configure:2776: test -s conftest.o
configure:2779: $? = 0
configure:2789: result: yes
configure:2757: checking for memory.h
configure:2770: gcc -c -g -O2  conftest.c >&5
configure:2773: $? = 0
configure:2776: test -s conftest.o
configure:2779: $? = 0
configure:2789: result: yes
configure:2757: checking for strings.h
configure:2770: gcc -c -g -O2  conftest.c >&5
configure:2773: $? = 0
configure:2776: test -s conftest.o
configure:2779: $? = 0
configure:2789: result: yes
configure:2757: checking for inttypes.h
configure:2770: gcc -c -g -O2  conftest.c >&5
configure:2798: inttypes.h: No such file or directory
configure:2773: $? = 1
configure: failed program was:
#line 2762 "configure"
#include "confdefs.h"
#include <stdio.h>
#if HAVE_SYS_TYPES_H
# include <sys/types.h>
#endif
#if HAVE_SYS_STAT_H
# include <sys/stat.h>
#endif
#if STDC_HEADERS
# include <stdlib.h>
# include <stddef.h>
#else
# if HAVE_STDLIB_H
#  include <stdlib.h>
# endif
#endif
#if HAVE_STRING_H
# if !STDC_HEADERS && HAVE_MEMORY_H
#  include <memory.h>
# endif
# include <string.h>
#endif
#if HAVE_STRINGS_H
# include <strings.h>
#endif
#if HAVE_INTTYPES_H
# include <inttypes.h>
#else
# if HAVE_STDINT_H
#  include <stdint.h>
# endif
#endif
#if HAVE_UNISTD_H
# include <unistd.h>
#endif

#include <inttypes.h>
configure:2789: result: no
configure:2757: checking for stdint.h
configure:2770: gcc -c -g -O2  conftest.c >&5
configure:2798: stdint.h: No such file or directory
configure:2773: $? = 1
configure: failed program was:
#line 2762 "configure"
#include "confdefs.h"
#include <stdio.h>
#if HAVE_SYS_TYPES_H
# include <sys/types.h>
#endif
#if HAVE_SYS_STAT_H
# include <sys/stat.h>
#endif
#if STDC_HEADERS
# include <stdlib.h>
# include <stddef.h>
#else
# if HAVE_STDLIB_H
#  include <stdlib.h>
# endif
#endif
#if HAVE_STRING_H
# if !STDC_HEADERS && HAVE_MEMORY_H
#  include <memory.h>
# endif
# include <string.h>
#endif
#if HAVE_STRINGS_H
# include <strings.h>
#endif
#if HAVE_INTTYPES_H
# include <inttypes.h>
#else
# if HAVE_STDINT_H
#  include <stdint.h>
# endif
#endif
#if HAVE_UNISTD_H
# include <unistd.h>
#endif

#include <stdint.h>
configure:2789: result: no
configure:2757: checking for unistd.h
configure:2770: gcc -c -g -O2  conftest.c >&5
configure:2773: $? = 0
configure:2776: test -s conftest.o
configure:2779: $? = 0
configure:2789: result: yes
configure:2810: checking minix/config.h usability
configure:2819: gcc -c -g -O2  conftest.c >&5
configure:2847: minix/config.h: No such file or directory
configure:2822: $? = 1
configure: failed program was:
#line 2812 "configure"
#include "confdefs.h"
#include <stdio.h>
#if HAVE_SYS_TYPES_H
# include <sys/types.h>
#endif
#if HAVE_SYS_STAT_H
# include <sys/stat.h>
#endif
#if STDC_HEADERS
# include <stdlib.h>
# include <stddef.h>
#else
# if HAVE_STDLIB_H
#  include <stdlib.h>
# endif
#endif
#if HAVE_STRING_H
# if !STDC_HEADERS && HAVE_MEMORY_H
#  include <memory.h>
# endif
# include <string.h>
#endif
#if HAVE_STRINGS_H
# include <strings.h>
#endif
#if HAVE_INTTYPES_H
# include <inttypes.h>
#else
# if HAVE_STDINT_H
#  include <stdint.h>
# endif
#endif
#if HAVE_UNISTD_H
# include <unistd.h>
#endif
#include <minix/config.h>
configure:2837: result: no
configure:2841: checking minix/config.h presence
configure:2848: gcc -E  conftest.c
configure:2844: minix/config.h: No such file or directory
configure:2854: $? = 1
configure: failed program was:
#line 2843 "configure"
#include "confdefs.h"
#include <minix/config.h>
configure:2872: result: no
configure:2890: checking for minix/config.h
configure:2897: result: no
configure:2930: checking for special C compiler options needed for large files
configure:3010: result: no
configure:3016: checking for _FILE_OFFSET_BITS value needed for large files
configure:3050: gcc -c -g -O2  conftest.c >&5
configure:3030: warning: left shift count >= width of type
configure:3030: warning: left shift count >= width of type
configure:3032: size of array `off_t_is_large' is negative
configure:3053: $? = 1
configure: failed program was:
#line 3023 "configure"
#include "confdefs.h"
#include <sys/types.h>
 /* Check that off_t can represent 2**63 - 1 correctly.
    We can't simply define LARGE_OFF_T to be 9223372036854775807,
    since some C++ compilers masquerading as C compilers
    incorrectly reject 9223372036854775807.  */
#define LARGE_OFF_T (((off_t) 1 << 62) - 1 + ((off_t) 1 << 62))
  int off_t_is_large[(LARGE_OFF_T % 2147483629 == 721
		       && LARGE_OFF_T % 2147483647 == 1)
		      ? 1 : -1];
#ifdef F77_DUMMY_MAIN
#  ifdef __cplusplus
     extern "C"
#  endif
   int F77_DUMMY_MAIN() { return 1; }
#endif
int
main ()
{

  ;
  return 0;
}
configure:3095: gcc -c -g -O2  conftest.c >&5
configure:3075: warning: left shift count >= width of type
configure:3075: warning: left shift count >= width of type
configure:3077: size of array `off_t_is_large' is negative
configure:3098: $? = 1
configure: failed program was:
#line 3067 "configure"
#include "confdefs.h"
#define _FILE_OFFSET_BITS 64
#include <sys/types.h>
 /* Check that off_t can represent 2**63 - 1 correctly.
    We can't simply define LARGE_OFF_T to be 9223372036854775807,
    since some C++ compilers masquerading as C compilers
    incorrectly reject 9223372036854775807.  */
#define LARGE_OFF_T (((off_t) 1 << 62) - 1 + ((off_t) 1 << 62))
  int off_t_is_large[(LARGE_OFF_T % 2147483629 == 721
		       && LARGE_OFF_T % 2147483647 == 1)
		      ? 1 : -1];
#ifdef F77_DUMMY_MAIN
#  ifdef __cplusplus
     extern "C"
#  endif
   int F77_DUMMY_MAIN() { return 1; }
#endif
int
main ()
{

  ;
  return 0;
}
configure:3115: result: no
configure:3125: checking for _LARGE_FILES value needed for large files
configure:3159: gcc -c -g -O2  conftest.c >&5
configure:3139: warning: left shift count >= width of type
configure:3139: warning: left shift count >= width of type
configure:3141: size of array `off_t_is_large' is negative
configure:3162: $? = 1
configure: failed program was:
#line 3132 "configure"
#include "confdefs.h"
#include <sys/types.h>
 /* Check that off_t can represent 2**63 - 1 correctly.
    We can't simply define LARGE_OFF_T to be 9223372036854775807,
    since some C++ compilers masquerading as C compilers
    incorrectly reject 9223372036854775807.  */
#define LARGE_OFF_T (((off_t) 1 << 62) - 1 + ((off_t) 1 << 62))
  int off_t_is_large[(LARGE_OFF_T % 2147483629 == 721
		       && LARGE_OFF_T % 2147483647 == 1)
		      ? 1 : -1];
#ifdef F77_DUMMY_MAIN
#  ifdef __cplusplus
     extern "C"
#  endif
   int F77_DUMMY_MAIN() { return 1; }
#endif
int
main ()
{

  ;
  return 0;
}
configure:3204: gcc -c -g -O2  conftest.c >&5
configure:3184: warning: left shift count >= width of type
configure:3184: warning: left shift count >= width of type
configure:3186: size of array `off_t_is_large' is negative
configure:3207: $? = 1
configure: failed program was:
#line 3176 "configure"
#include "confdefs.h"
#define _LARGE_FILES 1
#include <sys/types.h>
 /* Check that off_t can represent 2**63 - 1 correctly.
    We can't simply define LARGE_OFF_T to be 9223372036854775807,
    since some C++ compilers masquerading as C compilers
    incorrectly reject 9223372036854775807.  */
#define LARGE_OFF_T (((off_t) 1 << 62) - 1 + ((off_t) 1 << 62))
  int off_t_is_large[(LARGE_OFF_T % 2147483629 == 721
		       && LARGE_OFF_T % 2147483647 == 1)
		      ? 1 : -1];
#ifdef F77_DUMMY_MAIN
#  ifdef __cplusplus
     extern "C"
#  endif
   int F77_DUMMY_MAIN() { return 1; }
#endif
int
main ()
{

  ;
  return 0;
}
configure:3224: result: no
configure:3270: checking for library containing strerror
configure:3303: gcc -o conftest.exe -g -O2   conftest.c  >&5
configure:3306: $? = 0
configure:3309: test -s conftest.exe
configure:3312: $? = 0
configure:3371: result: none required
configure:3378: checking for gcc option to accept ANSI C
configure:3441: gcc  -c -g -O2  conftest.c >&5
configure:3444: $? = 0
configure:3447: test -s conftest.o
configure:3450: $? = 0
configure:3467: result: none needed
configure:3475: checking for an ANSI C-conforming const
configure:3545: gcc -c -g -O2  conftest.c >&5
configure:3548: $? = 0
configure:3551: test -s conftest.o
configure:3554: $? = 0
configure:3564: result: yes
configure:3574: checking for ANSI C header files
configure:3701: result: yes
configure:3725: checking fcntl.h usability
configure:3734: gcc -c -g -O2  conftest.c >&5
configure:3737: $? = 0
configure:3740: test -s conftest.o
configure:3743: $? = 0
configure:3752: result: yes
configure:3756: checking fcntl.h presence
configure:3763: gcc -E  conftest.c
configure:3769: $? = 0
configure:3787: result: yes
configure:3805: checking for fcntl.h
configure:3812: result: yes
configure:3725: checking limits.h usability
configure:3734: gcc -c -g -O2  conftest.c >&5
configure:3737: $? = 0
configure:3740: test -s conftest.o
configure:3743: $? = 0
configure:3752: result: yes
configure:3756: checking limits.h presence
configure:3763: gcc -E  conftest.c
configure:3769: $? = 0
configure:3787: result: yes
configure:3805: checking for limits.h
configure:3812: result: yes
configure:3716: checking for memory.h
configure:3721: result: yes
configure:3716: checking for stdlib.h
configure:3721: result: yes
configure:3716: checking for string.h
configure:3721: result: yes
configure:3725: checking sys/utime.h usability
configure:3734: gcc -c -g -O2  conftest.c >&5
configure:3737: $? = 0
configure:3740: test -s conftest.o
configure:3743: $? = 0
configure:3752: result: yes
configure:3756: checking sys/utime.h presence
configure:3763: gcc -E  conftest.c
configure:3769: $? = 0
configure:3787: result: yes
configure:3805: checking for sys/utime.h
configure:3812: result: yes
configure:3725: checking time.h usability
configure:3734: gcc -c -g -O2  conftest.c >&5
configure:3737: $? = 0
configure:3740: test -s conftest.o
configure:3743: $? = 0
configure:3752: result: yes
configure:3756: checking time.h presence
configure:3763: gcc -E  conftest.c
configure:3769: $? = 0
configure:3787: result: yes
configure:3805: checking for time.h
configure:3812: result: yes
configure:3716: checking for unistd.h
configure:3721: result: yes
configure:3725: checking utime.h usability
configure:3734: gcc -c -g -O2  conftest.c >&5
configure:3737: $? = 0
configure:3740: test -s conftest.o
configure:3743: $? = 0
configure:3752: result: yes
configure:3756: checking utime.h presence
configure:3763: gcc -E  conftest.c
configure:3769: $? = 0
configure:3787: result: yes
configure:3805: checking for utime.h
configure:3812: result: yes
configure:3828: checking for lstat
configure:3871: gcc -o conftest.exe -g -O2   conftest.c  >&5
configure:3874: $? = 0
configure:3877: test -s conftest.exe
configure:3880: $? = 0
configure:3890: result: yes
configure:3828: checking for utime
configure:3871: gcc -o conftest.exe -g -O2   conftest.c  >&5
configure:3874: $? = 0
configure:3877: test -s conftest.exe
configure:3880: $? = 0
configure:3890: result: yes
configure:3903: checking for rpmatch
configure:3946: gcc -o conftest.exe -g -O2   conftest.c  >&5
/cygdrive/c/DOCUME~1/temancl/LOCALS~1/Temp/ccAaeUWO.o: In function `main':
/usr/src/gzip-1.3.2-1/configure:3936: undefined reference to `rpmatch'
collect2: ld returned 1 exit status
configure:3949: $? = 1
configure: failed program was:
#line 3908 "configure"
#include "confdefs.h"
/* System header to define __stub macros and hopefully few prototypes,
    which can conflict with char rpmatch (); below.  */
#include <assert.h>
/* Override any gcc2 internal prototype to avoid an error.  */
#ifdef __cplusplus
extern "C"
#endif
/* We use char because int might match the return type of a gcc2
   builtin and then its argument prototype would still apply.  */
char rpmatch ();
char (*f) ();

#ifdef F77_DUMMY_MAIN
#  ifdef __cplusplus
     extern "C"
#  endif
   int F77_DUMMY_MAIN() { return 1; }
#endif
int
main ()
{
/* The GNU C library defines this for functions which it implements
    to always fail with ENOSYS.  Some functions are actually named
    something starting with __ and the normal name is an alias.  */
#if defined (__stub_rpmatch) || defined (__stub___rpmatch)
choke me
#else
f = rpmatch;
#endif

  ;
  return 0;
}
configure:3965: result: no
configure:3980: checking for dirent.h that defines DIR
configure:4007: gcc -c -g -O2  conftest.c >&5
configure:4010: $? = 0
configure:4013: test -s conftest.o
configure:4016: $? = 0
configure:4026: result: yes
configure:4039: checking for library containing opendir
configure:4072: gcc -o conftest.exe -g -O2   conftest.c  >&5
configure:4075: $? = 0
configure:4078: test -s conftest.exe
configure:4081: $? = 0
configure:4140: result: none required
configure:4258: checking return type of signal handlers
configure:4292: gcc -c -g -O2  conftest.c >&5
configure:4295: $? = 0
configure:4298: test -s conftest.o
configure:4301: $? = 0
configure:4311: result: void
configure:4318: checking for size_t
configure:4345: gcc -c -g -O2  conftest.c >&5
configure:4348: $? = 0
configure:4351: test -s conftest.o
configure:4354: $? = 0
configure:4364: result: yes
configure:4376: checking for off_t
configure:4403: gcc -c -g -O2  conftest.c >&5
configure:4406: $? = 0
configure:4409: test -s conftest.o
configure:4412: $? = 0
configure:4422: result: yes
configure:4434: checking whether #! works in shell scripts
configure:4451: result: yes
configure:4464: checking for gzip
configure:4482: found /usr/bin/gzip
configure:4494: result: /usr/bin/gzip
configure:4609: creating ./config.status

## ---------------------- ##
## Running config.status. ##
## ---------------------- ##

This file was extended by config.status, which was
generated by GNU Autoconf 2.52f.  Invocation command line was

  CONFIG_FILES    = 
  CONFIG_HEADERS  = 
  CONFIG_LINKS    = 
  CONFIG_COMMANDS = 
  $ ./config.status 

on REASON

config.status:598: creating Makefile
config.status:702: creating config.h
config.status:921: executing default-1 commands

## ---------------- ##
## Cache variables. ##
## ---------------- ##

ac_cv_c_compiler_gnu=yes
ac_cv_c_const=yes
ac_cv_env_CC_set=
ac_cv_env_CC_value=
ac_cv_env_CFLAGS_set=
ac_cv_env_CFLAGS_value=
ac_cv_env_CPPFLAGS_set=
ac_cv_env_CPPFLAGS_value=
ac_cv_env_CPP_set=
ac_cv_env_CPP_value=
ac_cv_env_LDFLAGS_set=
ac_cv_env_LDFLAGS_value=
ac_cv_env_build_alias_set=
ac_cv_env_build_alias_value=
ac_cv_env_host_alias_set=
ac_cv_env_host_alias_value=
ac_cv_env_target_alias_set=
ac_cv_env_target_alias_value=
ac_cv_exeext=.exe
ac_cv_func_lstat=yes
ac_cv_func_rpmatch=no
ac_cv_func_utime=yes
ac_cv_header_dirent_dirent_h=yes
ac_cv_header_fcntl_h=yes
ac_cv_header_inttypes_h=no
ac_cv_header_limits_h=yes
ac_cv_header_memory_h=yes
ac_cv_header_minix_config_h=no
ac_cv_header_stdc=yes
ac_cv_header_stdint_h=no
ac_cv_header_stdlib_h=yes
ac_cv_header_string_h=yes
ac_cv_header_strings_h=yes
ac_cv_header_sys_stat_h=yes
ac_cv_header_sys_types_h=yes
ac_cv_header_sys_utime_h=yes
ac_cv_header_time_h=yes
ac_cv_header_unistd_h=yes
ac_cv_header_utime_h=yes
ac_cv_objext=o
ac_cv_path_GZIP=/usr/bin/gzip
ac_cv_path_install='/usr/bin/install -c'
ac_cv_path_shell=/usr/bin/bash
ac_cv_prog_AWK=gawk
ac_cv_prog_CPP='gcc -E'
ac_cv_prog_ac_ct_CC=gcc
ac_cv_prog_cc_g=yes
ac_cv_prog_cc_stdc=
ac_cv_prog_make_make_set=yes
ac_cv_search_opendir='none required'
ac_cv_search_strerror='none required'
ac_cv_sys_file_offset_bits=no
ac_cv_sys_interpreter=yes
ac_cv_sys_large_files=no
ac_cv_sys_largefile_CC=no
ac_cv_type_off_t=yes
ac_cv_type_signal=void
ac_cv_type_size_t=yes
am_cv_CC_dependencies_compiler_type=gcc

## ----------- ##
## confdefs.h. ##
## ----------- ##

#define PACKAGE "gzip"
#define VERSION "1.3.2"
#define STDC_HEADERS 1
#define HAVE_SYS_TYPES_H 1
#define HAVE_SYS_STAT_H 1
#define HAVE_STDLIB_H 1
#define HAVE_STRING_H 1
#define HAVE_MEMORY_H 1
#define HAVE_STRINGS_H 1
#define HAVE_UNISTD_H 1
#define STDC_HEADERS 1
#define HAVE_FCNTL_H 1
#define HAVE_LIMITS_H 1
#define HAVE_MEMORY_H 1
#define HAVE_STDLIB_H 1
#define HAVE_STRING_H 1
#define HAVE_SYS_UTIME_H 1
#define HAVE_TIME_H 1
#define HAVE_UNISTD_H 1
#define HAVE_UTIME_H 1
#define HAVE_LSTAT 1
#define HAVE_UTIME 1
#define HAVE_DIRENT_H 1
#define RETSIGTYPE void

configure: exit 0
